<?xml version="1.0" encoding="UTF-8"?>
<!-- Generated by org.testng.reporters.JUnitXMLReporter -->
<testsuite hostname="DESKTOP-2F9KF4V" ignored="2" name="LoginTest" tests="1" failures="0" timestamp="21 Feb 2021 18:55:34 GMT" time="3.428" errors="0">
  <testcase name="loginToAccountPage" time="3.383" classname="com.rcb.testcases.LoginTest"/>
  <testcase name="@BeforeSuite setUp" time="0.0" classname="com.rcb.base.TestBase">
    <ignored/>
  </testcase> <!-- @BeforeSuite setUp -->
  <testcase name="@AfterSuite TearDown" time="0.0" classname="com.rcb.base.TestBase">
    <ignored/>
  </testcase> <!-- @AfterSuite TearDown -->
</testsuite> <!-- LoginTest -->
