<?xml version="1.0" encoding="UTF-8"?>
<testng-results skipped="0" failed="0" ignored="2" total="3" passed="1">
  <reporter-output>
  </reporter-output>
  <suite name="RCB Account Page" duration-ms="5059" started-at="2021-03-03T07:43:39Z" finished-at="2021-03-03T07:43:44Z">
    <groups>
    </groups>
    <test name="LoginTest" duration-ms="5059" started-at="2021-03-03T07:43:39Z" finished-at="2021-03-03T07:43:44Z">
      <class name="com.rcb.testcases.LoginTest">
        <test-method status="PASS" signature="setUp()[pri:0, instance:com.rcb.testcases.LoginTest@2752f6e2]" name="setUp" is-config="true" duration-ms="16458" started-at="2021-03-03T08:43:23Z" finished-at="2021-03-03T08:43:39Z">
          <reporter-output>
          </reporter-output>
        </test-method> <!-- setUp -->
        <test-method status="PASS" signature="loginToAccountPage()[pri:0, instance:com.rcb.testcases.LoginTest@2752f6e2]" name="loginToAccountPage" duration-ms="4888" started-at="2021-03-03T08:43:39Z" finished-at="2021-03-03T08:43:44Z">
          <reporter-output>
          </reporter-output>
        </test-method> <!-- loginToAccountPage -->
        <test-method status="PASS" signature="TearDown()[pri:0, instance:com.rcb.testcases.LoginTest@2752f6e2]" name="TearDown" is-config="true" duration-ms="1485" started-at="2021-03-03T08:43:45Z" finished-at="2021-03-03T08:43:46Z">
          <reporter-output>
          </reporter-output>
        </test-method> <!-- TearDown -->
      </class> <!-- com.rcb.testcases.LoginTest -->
    </test> <!-- LoginTest -->
  </suite> <!-- RCB Account Page -->
</testng-results>
