<?xml version="1.0" encoding="UTF-8"?>
<!-- Generated by org.testng.reporters.JUnitXMLReporter -->
<testsuite hostname="DESKTOP-2F9KF4V" ignored="2" name="LoginTest" tests="1" failures="0" timestamp="03 Mar 2021 07:43:45 GMT" time="5.059" errors="0">
  <testcase name="loginToAccountPage" time="4.888" classname="com.rcb.testcases.LoginTest"/>
  <testcase name="@BeforeSuite setUp" time="0.0" classname="com.rcb.base.TestBase">
    <ignored/>
  </testcase> <!-- @BeforeSuite setUp -->
  <testcase name="@AfterSuite TearDown" time="0.0" classname="com.rcb.base.TestBase">
    <ignored/>
  </testcase> <!-- @AfterSuite TearDown -->
</testsuite> <!-- LoginTest -->
