<?xml version="1.0" encoding="UTF-8"?>
<!-- Generated by org.testng.reporters.JUnitXMLReporter -->
<testsuite hostname="DESKTOP-2F9KF4V" ignored="0" name="LoginTest" tests="1" failures="0" timestamp="21 Feb 2021 12:56:44 GMT" time="0.06" errors="0">
  <testcase name="@BeforeSuite SetUp" time="0.025" classname="com.rcb.base.TestBase">
    <failure type="java.lang.NullPointerException">
      <![CDATA[java.lang.NullPointerException
at com.rcb.base.TestBase.SetUp(TestBase.java:80)
... Removed 20 stack frames]]>
    </failure>
  </testcase> <!-- @BeforeSuite SetUp -->
  <testcase name="loginToAccountPage" time="0.0" classname="com.rcb.testcases.LoginTest">
    <skipped/>
  </testcase> <!-- loginToAccountPage -->
</testsuite> <!-- LoginTest -->
